<?xml version="1.0" encoding="UTF-8"?>
<testsuite name="io.pivotal.ms.MsApplicationTests" tests="1" skipped="0" failures="0" errors="0" timestamp="2015-08-27T00:41:49" hostname="MacBook-Pro.local" time="0.003">
  <properties/>
  <testcase name="contextLoads" classname="io.pivotal.ms.MsApplicationTests" time="0.003"/>
  <system-out><![CDATA[01:41:47.577 [Test worker] DEBUG o.s.t.c.j.SpringJUnit4ClassRunner - SpringJUnit4ClassRunner constructor called with [class io.pivotal.ms.MsApplicationTests].
01:41:47.592 [Test worker] DEBUG o.s.test.context.BootstrapUtils - Instantiating TestContextBootstrapper from class [org.springframework.test.context.support.DefaultTestContextBootstrapper]
01:41:47.603 [Test worker] DEBUG o.s.t.c.s.DefaultTestContextBootstrapper - Found explicit ContextLoader class [org.springframework.boot.test.SpringApplicationContextLoader] for context configuration attributes [ContextConfigurationAttributes@9634e8f declaringClass = 'io.pivotal.ms.MsApplicationTests', classes = '{class io.pivotal.ms.MsApplication}', locations = '{}', inheritLocations = true, initializers = '{}', inheritInitializers = true, name = [null], contextLoaderClass = 'org.springframework.boot.test.SpringApplicationContextLoader']
01:41:47.607 [Test worker] DEBUG o.s.t.c.support.ActiveProfilesUtils - Could not find an 'annotation declaring class' for annotation type [org.springframework.test.context.ActiveProfiles] and class [io.pivotal.ms.MsApplicationTests]
01:41:47.610 [Test worker] DEBUG o.s.t.c.s.DefaultTestContextBootstrapper - @TestExecutionListeners is not present for class [io.pivotal.ms.MsApplicationTests]: using defaults.
01:41:47.617 [Test worker] INFO  o.s.t.c.s.DefaultTestContextBootstrapper - Loaded default TestExecutionListener class names from location [META-INF/spring.factories]: [org.springframework.test.context.web.ServletTestExecutionListener, org.springframework.test.context.support.DependencyInjectionTestExecutionListener, org.springframework.test.context.support.DirtiesContextTestExecutionListener, org.springframework.test.context.transaction.TransactionalTestExecutionListener, org.springframework.test.context.jdbc.SqlScriptsTestExecutionListener]
01:41:47.634 [Test worker] INFO  o.s.t.c.s.DefaultTestContextBootstrapper - Using TestExecutionListeners: [org.springframework.test.context.web.ServletTestExecutionListener@5f787e12, org.springframework.test.context.support.DependencyInjectionTestExecutionListener@6abe4177, org.springframework.test.context.support.DirtiesContextTestExecutionListener@39f35a1a, org.springframework.test.context.transaction.TransactionalTestExecutionListener@55842b0e, org.springframework.test.context.jdbc.SqlScriptsTestExecutionListener@49104742]
01:41:47.636 [Test worker] DEBUG o.s.t.annotation.ProfileValueUtils - Retrieved @ProfileValueSourceConfiguration [null] for test class [io.pivotal.ms.MsApplicationTests]
01:41:47.636 [Test worker] DEBUG o.s.t.annotation.ProfileValueUtils - Retrieved ProfileValueSource type [class org.springframework.test.annotation.SystemProfileValueSource] for class [io.pivotal.ms.MsApplicationTests]
01:41:47.639 [Test worker] DEBUG o.s.t.annotation.ProfileValueUtils - Retrieved @ProfileValueSourceConfiguration [null] for test class [io.pivotal.ms.MsApplicationTests]
01:41:47.639 [Test worker] DEBUG o.s.t.annotation.ProfileValueUtils - Retrieved ProfileValueSource type [class org.springframework.test.annotation.SystemProfileValueSource] for class [io.pivotal.ms.MsApplicationTests]
01:41:47.640 [Test worker] DEBUG o.s.t.annotation.ProfileValueUtils - Retrieved @ProfileValueSourceConfiguration [null] for test class [io.pivotal.ms.MsApplicationTests]
01:41:47.640 [Test worker] DEBUG o.s.t.annotation.ProfileValueUtils - Retrieved ProfileValueSource type [class org.springframework.test.annotation.SystemProfileValueSource] for class [io.pivotal.ms.MsApplicationTests]
01:41:47.641 [Test worker] DEBUG o.s.t.annotation.ProfileValueUtils - Retrieved @ProfileValueSourceConfiguration [null] for test class [io.pivotal.ms.MsApplicationTests]
01:41:47.641 [Test worker] DEBUG o.s.t.annotation.ProfileValueUtils - Retrieved ProfileValueSource type [class org.springframework.test.annotation.SystemProfileValueSource] for class [io.pivotal.ms.MsApplicationTests]
01:41:47.643 [Test worker] DEBUG o.s.t.c.s.DependencyInjectionTestExecutionListener - Performing dependency injection for test context [[DefaultTestContext@468a77b6 testClass = MsApplicationTests, testInstance = io.pivotal.ms.MsApplicationTests@6b956ff5, testMethod = [null], testException = [null], mergedContextConfiguration = [MergedContextConfiguration@1772ae44 testClass = MsApplicationTests, locations = '{}', classes = '{class io.pivotal.ms.MsApplication}', contextInitializerClasses = '[]', activeProfiles = '{}', propertySourceLocations = '{}', propertySourceProperties = '{}', contextLoader = 'org.springframework.boot.test.SpringApplicationContextLoader', parent = [null]]]].
01:41:47.705 [Test worker] DEBUG o.s.core.env.StandardEnvironment - Adding [systemProperties] PropertySource with lowest search precedence
01:41:47.707 [Test worker] DEBUG o.s.core.env.StandardEnvironment - Adding [systemEnvironment] PropertySource with lowest search precedence
01:41:47.707 [Test worker] DEBUG o.s.core.env.StandardEnvironment - Initialized StandardEnvironment with PropertySources [systemProperties,systemEnvironment]
01:41:47.708 [Test worker] DEBUG o.s.core.env.StandardEnvironment - Adding [integrationTest] PropertySource with search precedence immediately lower than [systemEnvironment]
2015-08-27 01:41:47.941  INFO 27890 --- [    Test worker] o.s.boot.SpringApplication               : Starting application on MacBook-Pro.local with PID 27890 (/Users/shkhan/.gradle/caches/modules-2/files-2.1/org.springframework.boot/spring-boot/1.2.4.RELEASE/231f740ec1e7b2b89cb9accef516cb02eb2db44d/spring-boot-1.2.4.RELEASE.jar started by shkhan in /Users/shkhan/work/MS_One)
2015-08-27 01:41:47.963  INFO 27890 --- [    Test worker] s.c.a.AnnotationConfigApplicationContext : Refreshing org.springframework.context.annotation.AnnotationConfigApplicationContext@7c245d44: startup date [Thu Aug 27 01:41:47 BST 2015]; root of context hierarchy
2015-08-27 01:41:48.089  INFO 27890 --- [    Test worker] f.a.AutowiredAnnotationBeanPostProcessor : JSR-330 'javax.inject.Inject' annotation found and supported for autowiring
2015-08-27 01:41:48.114  INFO 27890 --- [    Test worker] trationDelegate$BeanPostProcessorChecker : Bean 'encrypt.CONFIGURATION_PROPERTIES' of type [class org.springframework.cloud.bootstrap.encrypt.KeyProperties] is not eligible for getting processed by all BeanPostProcessors (for example: not eligible for auto-proxying)
2015-08-27 01:41:48.114  INFO 27890 --- [    Test worker] trationDelegate$BeanPostProcessorChecker : Bean 'encryptionBootstrapConfiguration' of type [class org.springframework.cloud.bootstrap.encrypt.EncryptionBootstrapConfiguration$$EnhancerBySpringCGLIB$$6a84364f] is not eligible for getting processed by all BeanPostProcessors (for example: not eligible for auto-proxying)
2015-08-27 01:41:48.174  INFO 27890 --- [    Test worker] o.s.boot.SpringApplication               : Started application in 0.413 seconds (JVM running for 1.192)

  .   ____          _            __ _ _
 /\\ / ___'_ __ _ _(_)_ __  __ _ \ \ \ \
( ( )\___ | '_ | '_| | '_ \/ _` | \ \ \ \
 \\/  ___)| |_)| | | | | || (_| |  ) ) ) )
  '  |____| .__|_| |_|_| |_\__, | / / / /
 =========|_|==============|___/=/_/_/_/
 :: Spring Boot ::        (v1.2.4.RELEASE)

2015-08-27 01:41:48.425 ERROR 27890 --- [    Test worker] c.c.c.ConfigServicePropertySourceLocator : Could not locate PropertySource: I/O error on GET request for "http://localhost:8888/producer/default":Connection refused; nested exception is java.net.ConnectException: Connection refused
2015-08-27 01:41:48.433  INFO 27890 --- [    Test worker] s.c.a.AnnotationConfigApplicationContext : Refreshing org.springframework.context.annotation.AnnotationConfigApplicationContext@370003ca: startup date [Thu Aug 27 01:41:48 BST 2015]; parent: org.springframework.context.annotation.AnnotationConfigApplicationContext@7c245d44
2015-08-27 01:41:48.817  INFO 27890 --- [    Test worker] o.s.cloud.context.scope.GenericScope     : BeanFactory id=17033c78-d752-3e9b-8f24-8a8b67095b0d
2015-08-27 01:41:48.818  INFO 27890 --- [    Test worker] f.a.AutowiredAnnotationBeanPostProcessor : JSR-330 'javax.inject.Inject' annotation found and supported for autowiring
2015-08-27 01:41:48.835  INFO 27890 --- [    Test worker] trationDelegate$BeanPostProcessorChecker : Bean 'org.springframework.cloud.autoconfigure.RefreshAutoConfiguration$ConfigurationPropertiesRebinderConfiguration' of type [class org.springframework.cloud.autoconfigure.RefreshAutoConfiguration$ConfigurationPropertiesRebinderConfiguration$$EnhancerBySpringCGLIB$$9abaf92c] is not eligible for getting processed by all BeanPostProcessors (for example: not eligible for auto-proxying)
2015-08-27 01:41:49.005  WARN 27890 --- [    Test worker] c.n.c.sources.URLConfigurationSource     : No URLs will be polled as dynamic configuration sources.
2015-08-27 01:41:49.005  INFO 27890 --- [    Test worker] c.n.c.sources.URLConfigurationSource     : To enable URLs as dynamic configuration sources, define System property archaius.configurationSource.additionalUrls or make config.properties available on classpath.
2015-08-27 01:41:49.010  INFO 27890 --- [    Test worker] c.netflix.config.DynamicPropertyFactory  : DynamicPropertyFactory is initialized with configuration sources: com.netflix.config.ConcurrentCompositeConfiguration@1014ff26
2015-08-27 01:41:49.167  WARN 27890 --- [    Test worker] c.n.c.sources.URLConfigurationSource     : No URLs will be polled as dynamic configuration sources.
2015-08-27 01:41:49.167  INFO 27890 --- [    Test worker] c.n.c.sources.URLConfigurationSource     : To enable URLs as dynamic configuration sources, define System property archaius.configurationSource.additionalUrls or make config.properties available on classpath.
2015-08-27 01:41:49.179  INFO 27890 --- [    Test worker] o.s.c.support.DefaultLifecycleProcessor  : Starting beans in phase 0
2015-08-27 01:41:49.184  INFO 27890 --- [    Test worker] io.pivotal.ms.MsApplicationTests         : Started MsApplicationTests in 1.475 seconds (JVM running for 2.203)
]]></system-out>
  <system-err><![CDATA[]]></system-err>
</testsuite>
