<?xml version="1.0" encoding="UTF-8"?>
<testsuite name="io.pivotal.ribbonclient.RibbonClientApplicationTests" tests="1" skipped="0" failures="0" errors="0" timestamp="2015-08-27T13:41:34" hostname="MacBook-Pro.local" time="0.003">
  <properties/>
  <testcase name="contextLoads" classname="io.pivotal.ribbonclient.RibbonClientApplicationTests" time="0.003"/>
  <system-out><![CDATA[14:41:32.762 [Test worker] DEBUG o.s.t.c.j.SpringJUnit4ClassRunner - SpringJUnit4ClassRunner constructor called with [class io.pivotal.ribbonclient.RibbonClientApplicationTests].
14:41:32.777 [Test worker] DEBUG o.s.test.context.BootstrapUtils - Instantiating TestContextBootstrapper from class [org.springframework.test.context.support.DefaultTestContextBootstrapper]
14:41:32.787 [Test worker] DEBUG o.s.t.c.s.DefaultTestContextBootstrapper - Found explicit ContextLoader class [org.springframework.boot.test.SpringApplicationContextLoader] for context configuration attributes [ContextConfigurationAttributes@ab2bc98 declaringClass = 'io.pivotal.ribbonclient.RibbonClientApplicationTests', classes = '{class io.pivotal.ribbonclient.RibbonClientApplication}', locations = '{}', inheritLocations = true, initializers = '{}', inheritInitializers = true, name = [null], contextLoaderClass = 'org.springframework.boot.test.SpringApplicationContextLoader']
14:41:32.791 [Test worker] DEBUG o.s.t.c.support.ActiveProfilesUtils - Could not find an 'annotation declaring class' for annotation type [org.springframework.test.context.ActiveProfiles] and class [io.pivotal.ribbonclient.RibbonClientApplicationTests]
14:41:32.794 [Test worker] DEBUG o.s.t.c.s.DefaultTestContextBootstrapper - @TestExecutionListeners is not present for class [io.pivotal.ribbonclient.RibbonClientApplicationTests]: using defaults.
14:41:32.801 [Test worker] INFO  o.s.t.c.s.DefaultTestContextBootstrapper - Loaded default TestExecutionListener class names from location [META-INF/spring.factories]: [org.springframework.test.context.web.ServletTestExecutionListener, org.springframework.test.context.support.DependencyInjectionTestExecutionListener, org.springframework.test.context.support.DirtiesContextTestExecutionListener, org.springframework.test.context.transaction.TransactionalTestExecutionListener, org.springframework.test.context.jdbc.SqlScriptsTestExecutionListener]
14:41:32.813 [Test worker] INFO  o.s.t.c.s.DefaultTestContextBootstrapper - Using TestExecutionListeners: [org.springframework.test.context.web.ServletTestExecutionListener@1ed2f3c2, org.springframework.test.context.support.DependencyInjectionTestExecutionListener@b19feae, org.springframework.test.context.support.DirtiesContextTestExecutionListener@6ba57f05, org.springframework.test.context.transaction.TransactionalTestExecutionListener@3a7cd90b, org.springframework.test.context.jdbc.SqlScriptsTestExecutionListener@33397165]
14:41:32.815 [Test worker] DEBUG o.s.t.annotation.ProfileValueUtils - Retrieved @ProfileValueSourceConfiguration [null] for test class [io.pivotal.ribbonclient.RibbonClientApplicationTests]
14:41:32.815 [Test worker] DEBUG o.s.t.annotation.ProfileValueUtils - Retrieved ProfileValueSource type [class org.springframework.test.annotation.SystemProfileValueSource] for class [io.pivotal.ribbonclient.RibbonClientApplicationTests]
14:41:32.817 [Test worker] DEBUG o.s.t.annotation.ProfileValueUtils - Retrieved @ProfileValueSourceConfiguration [null] for test class [io.pivotal.ribbonclient.RibbonClientApplicationTests]
14:41:32.817 [Test worker] DEBUG o.s.t.annotation.ProfileValueUtils - Retrieved ProfileValueSource type [class org.springframework.test.annotation.SystemProfileValueSource] for class [io.pivotal.ribbonclient.RibbonClientApplicationTests]
14:41:32.818 [Test worker] DEBUG o.s.t.annotation.ProfileValueUtils - Retrieved @ProfileValueSourceConfiguration [null] for test class [io.pivotal.ribbonclient.RibbonClientApplicationTests]
14:41:32.818 [Test worker] DEBUG o.s.t.annotation.ProfileValueUtils - Retrieved ProfileValueSource type [class org.springframework.test.annotation.SystemProfileValueSource] for class [io.pivotal.ribbonclient.RibbonClientApplicationTests]
14:41:32.819 [Test worker] DEBUG o.s.t.annotation.ProfileValueUtils - Retrieved @ProfileValueSourceConfiguration [null] for test class [io.pivotal.ribbonclient.RibbonClientApplicationTests]
14:41:32.819 [Test worker] DEBUG o.s.t.annotation.ProfileValueUtils - Retrieved ProfileValueSource type [class org.springframework.test.annotation.SystemProfileValueSource] for class [io.pivotal.ribbonclient.RibbonClientApplicationTests]
14:41:32.821 [Test worker] DEBUG o.s.t.c.s.DependencyInjectionTestExecutionListener - Performing dependency injection for test context [[DefaultTestContext@7de4e09a testClass = RibbonClientApplicationTests, testInstance = io.pivotal.ribbonclient.RibbonClientApplicationTests@5a0f70e4, testMethod = [null], testException = [null], mergedContextConfiguration = [MergedContextConfiguration@32d48cb3 testClass = RibbonClientApplicationTests, locations = '{}', classes = '{class io.pivotal.ribbonclient.RibbonClientApplication}', contextInitializerClasses = '[]', activeProfiles = '{}', propertySourceLocations = '{}', propertySourceProperties = '{}', contextLoader = 'org.springframework.boot.test.SpringApplicationContextLoader', parent = [null]]]].
14:41:32.877 [Test worker] DEBUG o.s.core.env.StandardEnvironment - Adding [systemProperties] PropertySource with lowest search precedence
14:41:32.878 [Test worker] DEBUG o.s.core.env.StandardEnvironment - Adding [systemEnvironment] PropertySource with lowest search precedence
14:41:32.878 [Test worker] DEBUG o.s.core.env.StandardEnvironment - Initialized StandardEnvironment with PropertySources [systemProperties,systemEnvironment]
14:41:32.879 [Test worker] DEBUG o.s.core.env.StandardEnvironment - Adding [integrationTest] PropertySource with search precedence immediately lower than [systemEnvironment]
2015-08-27 14:41:33.091  INFO 30743 --- [    Test worker] o.s.boot.SpringApplication               : Starting application on MacBook-Pro.local with PID 30743 (/Users/shkhan/.gradle/caches/modules-2/files-2.1/org.springframework.boot/spring-boot/1.2.4.RELEASE/231f740ec1e7b2b89cb9accef516cb02eb2db44d/spring-boot-1.2.4.RELEASE.jar started by shkhan in /Users/shkhan/work/RibbonClient)
2015-08-27 14:41:33.113  INFO 30743 --- [    Test worker] s.c.a.AnnotationConfigApplicationContext : Refreshing org.springframework.context.annotation.AnnotationConfigApplicationContext@2f64dcd1: startup date [Thu Aug 27 14:41:33 BST 2015]; root of context hierarchy
2015-08-27 14:41:33.240  INFO 30743 --- [    Test worker] f.a.AutowiredAnnotationBeanPostProcessor : JSR-330 'javax.inject.Inject' annotation found and supported for autowiring
2015-08-27 14:41:33.269  INFO 30743 --- [    Test worker] trationDelegate$BeanPostProcessorChecker : Bean 'encrypt.CONFIGURATION_PROPERTIES' of type [class org.springframework.cloud.bootstrap.encrypt.KeyProperties] is not eligible for getting processed by all BeanPostProcessors (for example: not eligible for auto-proxying)
2015-08-27 14:41:33.269  INFO 30743 --- [    Test worker] trationDelegate$BeanPostProcessorChecker : Bean 'encryptionBootstrapConfiguration' of type [class org.springframework.cloud.bootstrap.encrypt.EncryptionBootstrapConfiguration$$EnhancerBySpringCGLIB$$4ee660a] is not eligible for getting processed by all BeanPostProcessors (for example: not eligible for auto-proxying)
2015-08-27 14:41:33.341  INFO 30743 --- [    Test worker] o.s.boot.SpringApplication               : Started application in 0.419 seconds (JVM running for 1.192)

  .   ____          _            __ _ _
 /\\ / ___'_ __ _ _(_)_ __  __ _ \ \ \ \
( ( )\___ | '_ | '_| | '_ \/ _` | \ \ \ \
 \\/  ___)| |_)| | | | | || (_| |  ) ) ) )
  '  |____| .__|_| |_|_| |_\__, | / / / /
 =========|_|==============|___/=/_/_/_/
 :: Spring Boot ::        (v1.2.4.RELEASE)

2015-08-27 14:41:33.577 ERROR 30743 --- [    Test worker] c.c.c.ConfigServicePropertySourceLocator : Could not locate PropertySource: I/O error on GET request for "http://localhost:8888/ribbonclient/default":Connection refused; nested exception is java.net.ConnectException: Connection refused
2015-08-27 14:41:33.584  INFO 30743 --- [    Test worker] s.c.a.AnnotationConfigApplicationContext : Refreshing org.springframework.context.annotation.AnnotationConfigApplicationContext@2ddca58b: startup date [Thu Aug 27 14:41:33 BST 2015]; parent: org.springframework.context.annotation.AnnotationConfigApplicationContext@2f64dcd1
2015-08-27 14:41:34.005  INFO 30743 --- [    Test worker] o.s.cloud.context.scope.GenericScope     : BeanFactory id=90515fc1-3982-3904-8ebe-883b7a02d235
2015-08-27 14:41:34.006  INFO 30743 --- [    Test worker] f.a.AutowiredAnnotationBeanPostProcessor : JSR-330 'javax.inject.Inject' annotation found and supported for autowiring
2015-08-27 14:41:34.026  INFO 30743 --- [    Test worker] trationDelegate$BeanPostProcessorChecker : Bean 'org.springframework.cloud.autoconfigure.RefreshAutoConfiguration$ConfigurationPropertiesRebinderConfiguration' of type [class org.springframework.cloud.autoconfigure.RefreshAutoConfiguration$ConfigurationPropertiesRebinderConfiguration$$EnhancerBySpringCGLIB$$352528e7] is not eligible for getting processed by all BeanPostProcessors (for example: not eligible for auto-proxying)
2015-08-27 14:41:34.238  WARN 30743 --- [    Test worker] c.n.c.sources.URLConfigurationSource     : No URLs will be polled as dynamic configuration sources.
2015-08-27 14:41:34.238  INFO 30743 --- [    Test worker] c.n.c.sources.URLConfigurationSource     : To enable URLs as dynamic configuration sources, define System property archaius.configurationSource.additionalUrls or make config.properties available on classpath.
2015-08-27 14:41:34.244  INFO 30743 --- [    Test worker] c.netflix.config.DynamicPropertyFactory  : DynamicPropertyFactory is initialized with configuration sources: com.netflix.config.ConcurrentCompositeConfiguration@43c19598
2015-08-27 14:41:34.420  WARN 30743 --- [    Test worker] c.n.c.sources.URLConfigurationSource     : No URLs will be polled as dynamic configuration sources.
2015-08-27 14:41:34.420  INFO 30743 --- [    Test worker] c.n.c.sources.URLConfigurationSource     : To enable URLs as dynamic configuration sources, define System property archaius.configurationSource.additionalUrls or make config.properties available on classpath.
2015-08-27 14:41:34.434  INFO 30743 --- [    Test worker] o.s.c.support.DefaultLifecycleProcessor  : Starting beans in phase 0
2015-08-27 14:41:34.439  INFO 30743 --- [    Test worker] i.p.r.RibbonClientApplicationTests       : Started RibbonClientApplicationTests in 1.559 seconds (JVM running for 2.29)
]]></system-out>
  <system-err><![CDATA[]]></system-err>
</testsuite>
